23:49:00: Creating resource group General
23:49:00: Creating resource group Internal
23:49:00: Creating resource group Autodetect
23:49:00: SceneManagerFactory for type 'DefaultSceneManager' registered.
23:49:00: Registering ResourceManager for type Material
23:49:00: Registering ResourceManager for type Mesh
23:49:00: Registering ResourceManager for type Skeleton
23:49:00: MovableObjectFactory for type 'ParticleSystem' registered.
23:49:00: OverlayElementFactory for type Panel registered.
23:49:00: OverlayElementFactory for type BorderPanel registered.
23:49:00: OverlayElementFactory for type TextArea registered.
23:49:00: Registering ResourceManager for type Font
23:49:00: ArchiveFactory for archive type FileSystem registered.
23:49:00: ArchiveFactory for archive type Zip registered.
23:49:00: ArchiveFactory for archive type EmbeddedZip registered.
23:49:00: DDS codec registering
23:49:00: FreeImage version: 3.13.1
23:49:00: This program uses FreeImage, a free, open source image library supporting all common bitmap formats. See http://freeimage.sourceforge.net for details
23:49:00: Supported formats: bmp,ico,jpg,jif,jpeg,jpe,jng,koa,iff,lbm,mng,pbm,pbm,pcd,pcx,pgm,pgm,png,ppm,ppm,ras,tga,targa,tif,tiff,wap,wbmp,wbm,psd,cut,xbm,xpm,gif,hdr,g3,sgi,exr,j2k,j2c,jp2,pfm,pct,pict,pic,bay,bmq,cr2,crw,cs1,dc2,dcr,dng,erf,fff,hdr,k25,kdc,mdc,mos,mrw,nef,orf,pef,pxn,raf,raw,rdc,sr2,srf,arw,3fr,cine,ia,kc2,mef,nrw,qtk,rw2,sti,drf,dsc,ptx,cap,iiq,rwz
23:49:00: Registering ResourceManager for type HighLevelGpuProgram
23:49:00: Registering ResourceManager for type Compositor
23:49:00: MovableObjectFactory for type 'Entity' registered.
23:49:00: MovableObjectFactory for type 'Light' registered.
23:49:00: MovableObjectFactory for type 'BillboardSet' registered.
23:49:00: MovableObjectFactory for type 'ManualObject' registered.
23:49:00: MovableObjectFactory for type 'BillboardChain' registered.
23:49:00: MovableObjectFactory for type 'RibbonTrail' registered.
23:49:00: *-*-* OGRE Initialising
23:49:00: *-*-* Version 1.8.1 (Byatis)
23:49:00: Loading library .\RenderSystem_Direct3D9
23:49:00: Installing plugin: D3D9 RenderSystem
23:49:00: D3D9 : Direct3D9 Rendering Subsystem created.
23:49:00: D3D9: Driver Detection Starts
23:49:00: D3D9: Driver Detection Ends
23:49:00: Plugin successfully installed
23:49:00: Loading library .\RenderSystem_GL
23:49:00: Installing plugin: GL RenderSystem
23:49:00: OpenGL Rendering Subsystem created.
23:49:00: Plugin successfully installed
23:49:00: Loading library .\Plugin_ParticleFX
23:49:00: Installing plugin: ParticleFX
23:49:00: Particle Emitter Type 'Point' registered
23:49:00: Particle Emitter Type 'Box' registered
23:49:00: Particle Emitter Type 'Ellipsoid' registered
23:49:00: Particle Emitter Type 'Cylinder' registered
23:49:00: Particle Emitter Type 'Ring' registered
23:49:00: Particle Emitter Type 'HollowEllipsoid' registered
23:49:00: Particle Affector Type 'LinearForce' registered
23:49:00: Particle Affector Type 'ColourFader' registered
23:49:00: Particle Affector Type 'ColourFader2' registered
23:49:00: Particle Affector Type 'ColourImage' registered
23:49:00: Particle Affector Type 'ColourInterpolator' registered
23:49:00: Particle Affector Type 'Scaler' registered
23:49:00: Particle Affector Type 'Rotator' registered
23:49:00: Particle Affector Type 'DirectionRandomiser' registered
23:49:00: Particle Affector Type 'DeflectorPlane' registered
23:49:00: Plugin successfully installed
23:49:00: Loading library .\Plugin_OctreeSceneManager
23:49:00: Installing plugin: Octree Scene Manager
23:49:00: Plugin successfully installed
23:49:00: Loading library .\Plugin_CgProgramManager
23:49:00: Installing plugin: Cg Program Manager
23:49:00: Plugin successfully installed
23:49:00: Loading library .\caelum
23:49:00: Installing plugin: Caelum
23:49:00: Caelum plugin version 0.6.1 installed
23:49:00: Registering ResourceManager for type PropertyScript
23:49:00: Plugin successfully installed
23:49:00: D3D9 : RenderSystem Option: Allow NVPerfHUD = No
23:49:00: D3D9 : RenderSystem Option: FSAA = 8 [Quality]
23:49:00: D3D9 : RenderSystem Option: Fixed Pipeline Enabled = Yes
23:49:00: D3D9 : RenderSystem Option: Floating-point mode = Fastest
23:49:00: D3D9 : RenderSystem Option: Full Screen = No
23:49:00: D3D9 : RenderSystem Option: Multi device memory hint = Use minimum system memory
23:49:00: D3D9 : RenderSystem Option: Rendering Device = Monitor-1-NVIDIA GeForce GTX 770
23:49:00: D3D9 : RenderSystem Option: Resource Creation Policy = Create on all devices
23:49:00: D3D9 : RenderSystem Option: Use Multihead = Auto
23:49:00: D3D9 : RenderSystem Option: VSync = Yes
23:49:00: D3D9 : RenderSystem Option: VSync Interval = 1
23:49:00: D3D9 : RenderSystem Option: Video Mode = 1920 x 1080 @ 32-bit colour
23:49:00: D3D9 : RenderSystem Option: sRGB Gamma Conversion = No
23:49:03: D3D9 : RenderSystem Option: FSAA = 8 [Quality]
23:49:03: D3D9 : RenderSystem Option: Fixed Pipeline Enabled = Yes
23:49:03: D3D9 : RenderSystem Option: Full Screen = No
23:49:03: D3D9 : RenderSystem Option: Multi device memory hint = Use minimum system memory
23:49:03: D3D9 : RenderSystem Option: Rendering Device = Monitor-1-NVIDIA GeForce GTX 770
23:49:03: D3D9 : RenderSystem Option: Use Multihead = Auto
23:49:03: D3D9 : RenderSystem Option: VSync = Yes
23:49:03: D3D9 : RenderSystem Option: Video Mode = 1920 x 1080 @ 32-bit colour
